
-----------------------------------------------------------------
  pg_upgrade run on Tue Dec  8 10:50:43 2020
-----------------------------------------------------------------

check for "/usr/local/Cellar/postgresql/12.5/bin" failed: No such file or directory


-----------------------------------------------------------------
  pg_upgrade run on Tue Dec  8 11:02:41 2020
-----------------------------------------------------------------

check for "/Library/PostgreSQL/12/postgres" failed: No such file or directory

-----------------------------------------------------------------
  pg_upgrade run on Tue Dec  8 11:04:03 2020
-----------------------------------------------------------------

could not open version file "./PostgreSQL/data2/PG_VERSION": No such file or directory

-----------------------------------------------------------------
  pg_upgrade run on Tue Dec  8 11:04:31 2020
-----------------------------------------------------------------

Performing Consistency Checks
-----------------------------
Checking cluster versions                                   Old cluster data and binary directories are from different major versions.

-----------------------------------------------------------------
  pg_upgrade run on Tue Dec  8 11:06:17 2020
-----------------------------------------------------------------

could not open version file "./PostgreSQL/data2/PG_VERSION": No such file or directory
