2019-12-25 23:24:45.743 PST [23736] LOG:  database system was shut down at 2019-12-25 23:23:43 PST
2019-12-25 23:24:45.781 PST [33464] LOG:  database system is ready to accept connections
2019-12-25 23:25:16.482 PST [31620] ERROR:  syntax error at or near "test" at character 20
2019-12-25 23:25:16.482 PST [31620] STATEMENT:  set data_directory test
	;
2019-12-25 23:25:28.135 PST [31620] ERROR:  syntax error at or near "'test'" at character 20
2019-12-25 23:25:28.135 PST [31620] STATEMENT:  set data_directory 'test';
2019-12-25 23:29:09.195 PST [31620] ERROR:  syntax error at or near "e" at character 1
2019-12-25 23:29:09.195 PST [31620] STATEMENT:  e
	;
2019-12-25 23:29:18.489 PST [31620] ERROR:  syntax error at or near "-" at character 1
2019-12-25 23:29:18.489 PST [31620] STATEMENT:  -Xtc 'show data_directory'
	;
2019-12-25 23:29:30.915 PST [35280] FATAL:  password authentication failed for user "kiann"
2019-12-25 23:29:30.915 PST [35280] DETAIL:  Role "kiann" does not exist.
	Connection matched pg_hba.conf line 82: "host    all             all             ::1/128                 md5"
2019-12-25 23:30:56.645 PST [33464] LOG:  received fast shutdown request
2019-12-25 23:30:56.650 PST [33464] LOG:  aborting any active transactions
2019-12-25 23:30:56.652 PST [29856] FATAL:  terminating connection due to administrator command
2019-12-25 23:30:56.667 PST [33464] LOG:  background worker "logical replication launcher" (PID 34484) exited with exit code 1
2019-12-25 23:30:56.674 PST [6852] LOG:  shutting down
2019-12-25 23:30:56.714 PST [33464] LOG:  database system is shut down
