2019-12-24 18:21:27.395 PST [25860] LOG:  database system was shut down at 2019-12-24 18:21:21 PST
2019-12-24 18:21:27.420 PST [25796] LOG:  database system is ready to accept connections
2019-12-24 18:47:38.670 PST [11864] FATAL:  password authentication failed for user "kiann"
2019-12-24 18:47:38.670 PST [11864] DETAIL:  Role "kiann" does not exist.
	Connection matched pg_hba.conf line 82: "host    all             all             ::1/128                 md5"
2019-12-24 18:47:44.522 PST [18472] FATAL:  password authentication failed for user "kiann"
2019-12-24 18:47:44.522 PST [18472] DETAIL:  Role "kiann" does not exist.
	Connection matched pg_hba.conf line 82: "host    all             all             ::1/128                 md5"
2019-12-24 18:47:48.750 PST [24104] FATAL:  password authentication failed for user "kiann"
2019-12-24 18:47:48.750 PST [24104] DETAIL:  Role "kiann" does not exist.
	Connection matched pg_hba.conf line 82: "host    all             all             ::1/128                 md5"
2019-12-24 18:47:48.779 PST [6728] FATAL:  password authentication failed for user "kiann"
2019-12-24 18:47:48.779 PST [6728] DETAIL:  Role "kiann" does not exist.
	Connection matched pg_hba.conf line 82: "host    all             all             ::1/128                 md5"
2019-12-24 18:47:50.071 PST [18956] FATAL:  password authentication failed for user "kiann"
2019-12-24 18:47:50.071 PST [18956] DETAIL:  Role "kiann" does not exist.
	Connection matched pg_hba.conf line 82: "host    all             all             ::1/128                 md5"
2019-12-24 18:47:58.254 PST [10068] FATAL:  password authentication failed for user "kiann"
2019-12-24 18:47:58.254 PST [10068] DETAIL:  Role "kiann" does not exist.
	Connection matched pg_hba.conf line 82: "host    all             all             ::1/128                 md5"
2019-12-24 18:48:02.288 PST [14588] FATAL:  password authentication failed for user "kiann"
2019-12-24 18:48:02.288 PST [14588] DETAIL:  Role "kiann" does not exist.
	Connection matched pg_hba.conf line 82: "host    all             all             ::1/128                 md5"
2019-12-24 18:48:02.317 PST [17440] FATAL:  password authentication failed for user "kiann"
2019-12-24 18:48:02.317 PST [17440] DETAIL:  Role "kiann" does not exist.
	Connection matched pg_hba.conf line 82: "host    all             all             ::1/128                 md5"
2019-12-24 18:48:07.715 PST [1348] FATAL:  password authentication failed for user "kiann"
2019-12-24 18:48:07.715 PST [1348] DETAIL:  Role "kiann" does not exist.
	Connection matched pg_hba.conf line 82: "host    all             all             ::1/128                 md5"
2019-12-24 19:08:42.406 PST [17568] FATAL:  password authentication failed for user "kiann"
2019-12-24 19:08:42.406 PST [17568] DETAIL:  Role "kiann" does not exist.
	Connection matched pg_hba.conf line 82: "host    all             all             ::1/128                 md5"
2019-12-24 19:55:46.972 PST [25796] LOG:  received fast shutdown request
2019-12-24 19:55:46.975 PST [25796] LOG:  aborting any active transactions
2019-12-24 19:55:46.977 PST [1212] ERROR:  canceling statement due to user request
2019-12-24 19:55:46.999 PST [25796] LOG:  background worker "logical replication launcher" (PID 1212) exited with exit code 1
2019-12-24 19:55:47.005 PST [25636] LOG:  shutting down
2019-12-24 19:55:47.165 PST [25796] LOG:  database system is shut down
