2019-12-25 22:23:34.012 PST [27940] LOG:  database system was shut down at 2019-12-25 22:23:32 PST
2019-12-25 22:23:34.014 PST [27940] LOG:  could not open directory "pg_tblspc/16400/PG_12_201909212": No such file or directory
2019-12-25 22:23:34.045 PST [20092] LOG:  database system is ready to accept connections
2019-12-25 22:23:45.843 PST [29332] FATAL:  password authentication failed for user "kiann"
2019-12-25 22:23:45.843 PST [29332] DETAIL:  Role "kiann" does not exist.
	Connection matched pg_hba.conf line 82: "host    all             all             ::1/128                 md5"
2019-12-25 22:24:29.572 PST [26436] ERROR:  could not create directory "pg_tblspc/16400/PG_12_201909212/16417": No such file or directory
2019-12-25 22:24:29.572 PST [26436] STATEMENT:  CREATE DATABASE ASC_CORE_DATABASE TABLESPACE = 'asc_tablespace'
	;
2019-12-25 22:24:38.991 PST [26436] ERROR:  could not create directory "pg_tblspc/16400/PG_12_201909212/16418": No such file or directory
2019-12-25 22:24:38.991 PST [26436] STATEMENT:  CREATE DATABASE ASC_CORE_DATABASE TABLESPACE = 'asc_tablespace';
2019-12-25 22:30:17.832 PST [26436] WARNING:  could not open directory "pg_tblspc/16400/PG_12_201909212": No such file or directory
2019-12-25 22:32:16.955 PST [13836] ERROR:  tablespace "ASC_TABLESPACE" does not exist
2019-12-25 22:32:16.955 PST [13836] STATEMENT:  CREATE DATABASE ASC_CORE_DATABASE TABLESPACE = 'ASC_TABLESPACE'
	;
2019-12-25 22:36:26.711 PST [13836] ERROR:  syntax error at or near "/" at character 1
2019-12-25 22:36:26.711 PST [13836] STATEMENT:  /l
	;
2019-12-25 22:37:27.148 PST [13836] ERROR:  tablespace "asc_tablespace" is not empty
2019-12-25 22:37:27.148 PST [13836] STATEMENT:  drop tablespace asc_tablespace
	;
2019-12-25 22:37:52.073 PST [13836] ERROR:  syntax error at or near "*" at character 23
2019-12-25 22:37:52.073 PST [13836] STATEMENT:  drop database asc_core*
	;
2019-12-25 22:38:02.147 PST [13836] ERROR:  tablespace "asc_tablespace" is not empty
2019-12-25 22:38:02.147 PST [13836] STATEMENT:  drop tablespace asc_tablespace;
2019-12-25 22:48:01.031 PST [20092] LOG:  received fast shutdown request
2019-12-25 22:48:01.035 PST [20092] LOG:  aborting any active transactions
2019-12-25 22:48:01.037 PST [13836] FATAL:  terminating connection due to administrator command
2019-12-25 22:48:01.037 PST [22000] FATAL:  terminating connection due to administrator command
2019-12-25 22:48:01.051 PST [20092] LOG:  background worker "logical replication launcher" (PID 15232) exited with exit code 1
2019-12-25 22:48:01.060 PST [27020] LOG:  shutting down
2019-12-25 22:48:01.114 PST [30336] FATAL:  the database system is shutting down
2019-12-25 22:48:01.134 PST [20092] LOG:  database system is shut down
